<?xml version="1.0" encoding="UTF-8"?>
<!-- Generated by org.testng.reporters.JUnitReportReporter -->
<testsuite hostname="EC2AMAZ-S11DBRH" failures="0" tests="3" name="runners.GooglePageRunner" time="22.263" errors="0" timestamp="2023-07-25T07:59:40 GMT" skipped="0">
  <testcase classname="runners.GooglePageRunner" name="runScenario" time="7.122"/>
  <system-out/>
  <testcase classname="runners.GooglePageRunner" name="runScenario" time="7.694"/>
  <system-out/>
  <testcase classname="runners.GooglePageRunner" name="runScenario" time="7.447"/>
  <system-out/>
</testsuite> <!-- runners.GooglePageRunner -->
