<?xml version="1.0" encoding="UTF-8"?>
<!-- Generated by org.testng.reporters.JUnitReportReporter -->
<testsuite hostname="EC2AMAZ-S11DBRH" failures="0" tests="1" name="runners.RerunRunner" time="8.073" errors="0" timestamp="2023-07-25T06:26:54 GMT" skipped="0">
  <testcase classname="runners.RerunRunner" name="runScenario" time="8.073"/>
  <system-out/>
</testsuite> <!-- runners.RerunRunner -->
