<?xml version="1.0" encoding="UTF-8"?>
<!-- Generated by org.testng.reporters.JUnitReportReporter -->
<testsuite hostname="EC2AMAZ-S11DBRH" failures="0" tests="2" name="runners.GooglePageRunner" time="11.461" errors="0" timestamp="2023-07-26T06:09:35 GMT" skipped="0">
  <testcase classname="runners.GooglePageRunner" name="runScenario" time="6.704"/>
  <system-out/>
  <testcase classname="runners.GooglePageRunner" name="runScenario" time="4.757"/>
  <system-out/>
</testsuite> <!-- runners.GooglePageRunner -->
